{"numTotalTestSuites":2,"numPassedTestSuites":0,"numFailedTestSuites":2,"numPendingTestSuites":0,"numTotalTests":3,"numPassedTests":1,"numFailedTests":2,"numPendingTests":0,"numTodoTests":0,"snapshot":{"added":0,"failure":false,"filesAdded":0,"filesRemoved":0,"filesRemovedList":[],"filesUnmatched":0,"filesUpdated":0,"matched":0,"total":0,"unchecked":0,"uncheckedKeysByFile":[],"unmatched":0,"updated":0,"didUpdate":false},"startTime":1773722447948,"success":false,"testResults":[{"assertionResults":[{"ancestorTitles":["UI Edge Components Verification (Steppers, Breadcrumbs, Skeletons)"],"fullName":"UI Edge Components Verification (Steppers, Breadcrumbs, Skeletons) should render the Breadcrumbs navigation in MainLayout","status":"failed","title":"should render the Breadcrumbs navigation in MainLayout","duration":3.311300000000074,"failureMessages":["TypeError: Cannot read properties of undefined (reading 'Provider')\n    at renderWithContext (C:/Users/egar0/stock-system/frontend/src/__tests__/ui.test.jsx:42:30)\n    at C:/Users/egar0/stock-system/frontend/src/__tests__/ui.test.jsx:52:9\n    at file:///C:/Users/egar0/stock-system/frontend/node_modules/@vitest/runner/dist/index.js:296:11\n    at file:///C:/Users/egar0/stock-system/frontend/node_modules/@vitest/runner/dist/index.js:1258:26\n    at file:///C:/Users/egar0/stock-system/frontend/node_modules/@vitest/runner/dist/index.js:1681:20\n    at new Promise (<anonymous>)\n    at runWithCancel (file:///C:/Users/egar0/stock-system/frontend/node_modules/@vitest/runner/dist/index.js:1678:10)\n    at file:///C:/Users/egar0/stock-system/frontend/node_modules/@vitest/runner/dist/index.js:1660:20\n    at new Promise (<anonymous>)\n    at runWithTimeout (file:///C:/Users/egar0/stock-system/frontend/node_modules/@vitest/runner/dist/index.js:1627:10)"],"meta":{},"tags":[]},{"ancestorTitles":["UI Edge Components Verification (Steppers, Breadcrumbs, Skeletons)"],"fullName":"UI Edge Components Verification (Steppers, Breadcrumbs, Skeletons) should render the Multistep Stepper in ProductForm","status":"failed","title":"should render the Multistep Stepper in ProductForm","duration":0.47299999999995634,"failureMessages":["TypeError: Cannot read properties of undefined (reading 'Provider')\n    at renderWithContext (C:/Users/egar0/stock-system/frontend/src/__tests__/ui.test.jsx:42:30)\n    at C:/Users/egar0/stock-system/frontend/src/__tests__/ui.test.jsx:61:9\n    at file:///C:/Users/egar0/stock-system/frontend/node_modules/@vitest/runner/dist/index.js:296:11\n    at file:///C:/Users/egar0/stock-system/frontend/node_modules/@vitest/runner/dist/index.js:1258:26\n    at file:///C:/Users/egar0/stock-system/frontend/node_modules/@vitest/runner/dist/index.js:1681:20\n    at new Promise (<anonymous>)\n    at runWithCancel (file:///C:/Users/egar0/stock-system/frontend/node_modules/@vitest/runner/dist/index.js:1678:10)\n    at file:///C:/Users/egar0/stock-system/frontend/node_modules/@vitest/runner/dist/index.js:1660:20\n    at new Promise (<anonymous>)\n    at runWithTimeout (file:///C:/Users/egar0/stock-system/frontend/node_modules/@vitest/runner/dist/index.js:1627:10)"],"meta":{},"tags":[]},{"ancestorTitles":["UI Edge Components Verification (Steppers, Breadcrumbs, Skeletons)"],"fullName":"UI Edge Components Verification (Steppers, Breadcrumbs, Skeletons) should render Skeleton Loaders when data is pending (Simulated)","status":"passed","title":"should render Skeleton Loaders when data is pending (Simulated)","duration":14.085000000000036,"failureMessages":[],"meta":{},"tags":[]}],"startTime":1773722449873,"endTime":1773722449891.085,"status":"failed","message":"","name":"C:/Users/egar0/stock-system/frontend/src/__tests__/ui.test.jsx"}]}
