{"numFailedTestSuites":1,"numFailedTests":0,"numPassedTestSuites":0,"numPassedTests":0,"numPendingTestSuites":0,"numPendingTests":0,"numRuntimeErrorTestSuites":1,"numTodoTests":0,"numTotalTestSuites":1,"numTotalTests":0,"openHandles":[],"snapshot":{"added":0,"didUpdate":false,"failure":false,"filesAdded":0,"filesRemoved":0,"filesRemovedList":[],"filesUnmatched":0,"filesUpdated":0,"matched":0,"total":0,"unchecked":0,"uncheckedKeysByFile":[],"unmatched":0,"updated":0},"startTime":1773722197029,"success":false,"testResults":[{"assertionResults":[],"coverage":{},"endTime":1773722197950,"message":"  \u001b[1m● \u001b[22mTest suite failed to run\n\n    TypeError: argument handler must be a function\n\n    \u001b[0m \u001b[90m  6 |\u001b[39m\n     \u001b[90m  7 |\u001b[39m \u001b[90m// GET /api/v1/bi/financial-kpis\u001b[39m\n    \u001b[31m\u001b[1m>\u001b[22m\u001b[39m\u001b[90m  8 |\u001b[39m router\u001b[33m.\u001b[39m\u001b[36mget\u001b[39m(\u001b[32m'/financial-kpis'\u001b[39m\u001b[33m,\u001b[39m authenticate\u001b[33m,\u001b[39m tenantContext\u001b[33m,\u001b[39m biController\u001b[33m.\u001b[39mexportFinancialKPIs\u001b[33m.\u001b[39mbind(biController))\u001b[33m;\u001b[39m\n     \u001b[90m    |\u001b[39m        \u001b[31m\u001b[1m^\u001b[22m\u001b[39m\n     \u001b[90m  9 |\u001b[39m\n     \u001b[90m 10 |\u001b[39m \u001b[90m// GET /api/v1/bi/operational-kpis\u001b[39m\n     \u001b[90m 11 |\u001b[39m router\u001b[33m.\u001b[39m\u001b[36mget\u001b[39m(\u001b[32m'/operational-kpis'\u001b[39m\u001b[33m,\u001b[39m authenticate\u001b[33m,\u001b[39m tenantContext\u001b[33m,\u001b[39m biController\u001b[33m.\u001b[39mexportOperationalKPIs\u001b[33m.\u001b[39mbind(biController))\u001b[33m;\u001b[39m\u001b[0m\n\n      \u001b[2mat Route.<computed> [as get] (\u001b[22mnode_modules/router/lib/route.js\u001b[2m:228:15)\u001b[22m\n      \u001b[2mat router.Router.<computed> [as get] (\u001b[22mnode_modules/router/index.js\u001b[2m:448:19)\u001b[22m\n      \u001b[2mat Object.get (\u001b[22msrc/routes/bi.routes.js\u001b[2m:8:8)\u001b[22m\n      \u001b[2mat Object.require (\u001b[22m\u001b[0m\u001b[36mtests/bi_olap.test.js\u001b[39m\u001b[0m\u001b[2m:22:18)\u001b[22m\n","name":"C:\\Users\\egar0\\stock-system\\tests\\bi_olap.test.js","startTime":1773722197950,"status":"failed","summary":""}],"wasInterrupted":false}
